<?xml version="1.0" encoding="UTF-8"?>
<!-- Generated by org.testng.reporters.JUnitXMLReporter -->
<testsuite ignored="0" hostname="SRK" failures="0" tests="6" name="Test" time="0.19" errors="0" timestamp="19 Aug 2020 11:37:20 GMT">
  <testcase classname="demo.ClassOne" name="testAA" time="0.031"/>
  <testcase classname="demo.ClassOne" name="testBB" time="0.0"/>
  <testcase classname="demo.ClassOne" name="testCC" time="0.0"/>
  <testcase classname="demo.ClassTwo" name="testCC" time="0.016"/>
  <testcase classname="demo.ClassTwo" name="testAA" time="0.0"/>
  <testcase classname="demo.ClassTwo" name="testBB" time="0.015"/>
</testsuite> <!-- Test -->
