<?xml version="1.0" encoding="UTF-8"?>
<testng-results ignored="0" total="6" passed="6" failed="0" skipped="0">
  <reporter-output>
  </reporter-output>
  <suite started-at="2020-08-19T11:59:42Z" name="Selenium From Sira" finished-at="2020-08-19T11:59:42Z" duration-ms="62">
    <groups>
    </groups>
    <test started-at="2020-08-19T11:59:42Z" name="Test" finished-at="2020-08-19T11:59:42Z" duration-ms="62">
      <class name="demo.ClassOne">
        <test-method signature="testAA()[pri:0, instance:demo.ClassOne@4de4b452]" started-at="2020-08-19T11:59:42Z" name="testAA" finished-at="2020-08-19T11:59:42Z" duration-ms="16" status="PASS">
          <reporter-output>
          </reporter-output>
        </test-method> <!-- testAA -->
        <test-method signature="testBB()[pri:0, instance:demo.ClassOne@4de4b452]" started-at="2020-08-19T11:59:42Z" name="testBB" finished-at="2020-08-19T11:59:42Z" duration-ms="0" status="PASS">
          <reporter-output>
          </reporter-output>
        </test-method> <!-- testBB -->
        <test-method signature="testCC()[pri:0, instance:demo.ClassOne@4de4b452]" started-at="2020-08-19T11:59:42Z" name="testCC" finished-at="2020-08-19T11:59:42Z" duration-ms="0" status="PASS">
          <reporter-output>
          </reporter-output>
        </test-method> <!-- testCC -->
      </class> <!-- demo.ClassOne -->
      <class name="demo.ClassTwo">
        <test-method signature="testAA()[pri:2, instance:demo.ClassTwo@50b5ac82]" started-at="2020-08-19T11:59:42Z" name="testAA" finished-at="2020-08-19T11:59:42Z" duration-ms="15" status="PASS">
          <reporter-output>
          </reporter-output>
        </test-method> <!-- testAA -->
        <test-method signature="testCC()[pri:1, instance:demo.ClassTwo@50b5ac82]" started-at="2020-08-19T11:59:42Z" name="testCC" finished-at="2020-08-19T11:59:42Z" duration-ms="0" status="PASS">
          <reporter-output>
          </reporter-output>
        </test-method> <!-- testCC -->
        <test-method signature="testBB()[pri:3, instance:demo.ClassTwo@50b5ac82]" started-at="2020-08-19T11:59:42Z" name="testBB" finished-at="2020-08-19T11:59:42Z" duration-ms="0" status="PASS">
          <reporter-output>
          </reporter-output>
        </test-method> <!-- testBB -->
      </class> <!-- demo.ClassTwo -->
    </test> <!-- Test -->
  </suite> <!-- Selenium From Sira -->
</testng-results>
